Build started 17/09/2015 12:48:42.
     1>Project "D:\Code\Wolf\MapCompressor\MapCompressor.vcxproj" on node 3 (Build target(s)).
     1>ClCompile:
         C:\Program Files (x86)\Microsoft Visual Studio 12.0\VC\bin\CL.exe /c /ZI /nologo /W3 /WX- /Od /Oy- /D WIN32 /D _DEBUG /D _CONSOLE /D _LIB /D _UNICODE /D UNICODE /Gm /EHsc /RTC1 /MDd /GS /fp:precise /Zc:wchar_t /Zc:forScope /Fo"Debug\\" /Fd"Debug\vc120.pdb" /Gd /TP /analyze- /errorReport:prompt MapCompressor.cpp
         MapCompressor.cpp
     1>d:\code\wolf\mapcompressor\mapcompressor.cpp(82): warning C4018: '<' : signed/unsigned mismatch
     1>d:\code\wolf\mapcompressor\mapcompressor.cpp(165): warning C4018: '<' : signed/unsigned mismatch
     1>d:\code\wolf\mapcompressor\mapcompressor.cpp(178): warning C4018: '<' : signed/unsigned mismatch
     1>d:\code\wolf\mapcompressor\mapcompressor.cpp(261): warning C4018: '<' : signed/unsigned mismatch
     1>d:\code\wolf\mapcompressor\mapcompressor.cpp(268): warning C4018: '<' : signed/unsigned mismatch
     1>d:\code\wolf\mapcompressor\mapcompressor.cpp(286): warning C4996: 'fopen': This function or variable may be unsafe. Consider using fopen_s instead. To disable deprecation, use _CRT_SECURE_NO_WARNINGS. See online help for details.
                 c:\program files (x86)\microsoft visual studio 12.0\vc\include\stdio.h(211) : see declaration of 'fopen'
     1>d:\code\wolf\mapcompressor\mapcompressor.cpp(298): warning C4996: 'fopen': This function or variable may be unsafe. Consider using fopen_s instead. To disable deprecation, use _CRT_SECURE_NO_WARNINGS. See online help for details.
                 c:\program files (x86)\microsoft visual studio 12.0\vc\include\stdio.h(211) : see declaration of 'fopen'
       Link:
         C:\Program Files (x86)\Microsoft Visual Studio 12.0\VC\bin\link.exe /ERRORREPORT:PROMPT /OUT:"D:\Code\Wolf\Debug\MapCompressor.exe" /INCREMENTAL /NOLOGO kernel32.lib user32.lib gdi32.lib winspool.lib comdlg32.lib advapi32.lib shell32.lib ole32.lib oleaut32.lib uuid.lib odbc32.lib odbccp32.lib /MANIFEST /MANIFESTUAC:"level='asInvoker' uiAccess='false'" /manifest:embed /DEBUG /PDB:"D:\Code\Wolf\Debug\MapCompressor.pdb" /SUBSYSTEM:CONSOLE /TLBID:1 /DYNAMICBASE /NXCOMPAT /IMPLIB:"D:\Code\Wolf\Debug\MapCompressor.lib" /MACHINE:X86 Debug\MapCompressor.obj
         MapCompressor.vcxproj -> D:\Code\Wolf\Debug\MapCompressor.exe
     1>Done Building Project "D:\Code\Wolf\MapCompressor\MapCompressor.vcxproj" (Build target(s)).

Build succeeded.

Time Elapsed 00:00:01.02
